<?xml version="1.0" encoding="UTF-8"?>
<coverage generated="1782680462994" clover="3.2.0">
  <project timestamp="1782680462995" name="All files">
    <metrics statements="92" coveredstatements="89" conditionals="41" coveredconditionals="33" methods="37" coveredmethods="34" elements="170" coveredelements="156" complexity="0" loc="92" ncloc="92" packages="4" files="9" classes="9"/>
    <package name="components">
      <metrics statements="51" coveredstatements="49" conditionals="24" coveredconditionals="22" methods="22" coveredmethods="20"/>
      <file name="FilterBar.jsx" path="C:\Users\Usuario\Documents\taskflow-ia\src\components\FilterBar.jsx">
        <metrics statements="6" coveredstatements="4" conditionals="0" coveredconditionals="0" methods="5" coveredmethods="3"/>
        <line num="4" count="1" type="stmt"/>
        <line num="12" count="17" type="stmt"/>
        <line num="21" count="11" type="stmt"/>
        <line num="27" count="0" type="stmt"/>
        <line num="36" count="0" type="stmt"/>
        <line num="41" count="51" type="stmt"/>
      </file>
      <file name="Footer.jsx" path="C:\Users\Usuario\Documents\taskflow-ia\src\components\Footer.jsx">
        <metrics statements="2" coveredstatements="2" conditionals="0" coveredconditionals="0" methods="1" coveredmethods="1"/>
        <line num="2" count="1" type="stmt"/>
        <line num="3" count="17" type="stmt"/>
      </file>
      <file name="Statistics.jsx" path="C:\Users\Usuario\Documents\taskflow-ia\src\components\Statistics.jsx">
        <metrics statements="11" coveredstatements="11" conditionals="0" coveredconditionals="0" methods="5" coveredmethods="5"/>
        <line num="3" count="1" type="stmt"/>
        <line num="4" count="17" type="stmt"/>
        <line num="6" count="17" type="stmt"/>
        <line num="7" count="15" type="stmt"/>
        <line num="10" count="17" type="stmt"/>
        <line num="11" count="15" type="stmt"/>
        <line num="14" count="17" type="stmt"/>
        <line num="15" count="15" type="stmt"/>
        <line num="18" count="17" type="stmt"/>
        <line num="41" count="17" type="stmt"/>
        <line num="44" count="68" type="stmt"/>
      </file>
      <file name="TaskCard.jsx" path="C:\Users\Usuario\Documents\taskflow-ia\src\components\TaskCard.jsx">
        <metrics statements="5" coveredstatements="5" conditionals="8" coveredconditionals="7" methods="4" coveredmethods="4"/>
        <line num="3" count="1" type="stmt"/>
        <line num="9" count="15" type="stmt"/>
        <line num="40" count="1" type="stmt"/>
        <line num="48" count="1" type="stmt"/>
        <line num="52" count="1" type="stmt"/>
      </file>
      <file name="TaskForm.jsx" path="C:\Users\Usuario\Documents\taskflow-ia\src\components\TaskForm.jsx">
        <metrics statements="22" coveredstatements="22" conditionals="14" coveredconditionals="13" methods="5" coveredmethods="5"/>
        <line num="5" count="1" type="stmt"/>
        <line num="12" count="1" type="stmt"/>
        <line num="18" count="84" type="stmt"/>
        <line num="20" count="84" type="stmt"/>
        <line num="21" count="3" type="cond" truecount="2" falsecount="0"/>
        <line num="22" count="1" type="stmt"/>
        <line num="29" count="2" type="stmt"/>
        <line num="33" count="84" type="stmt"/>
        <line num="34" count="64" type="stmt"/>
        <line num="36" count="64" type="stmt"/>
        <line num="42" count="84" type="stmt"/>
        <line num="43" count="2" type="stmt"/>
        <line num="45" count="2" type="cond" truecount="1" falsecount="1"/>
        <line num="47" count="2" type="cond" truecount="2" falsecount="0"/>
        <line num="48" count="1" type="stmt"/>
        <line num="53" count="1" type="stmt"/>
        <line num="54" count="1" type="stmt"/>
        <line num="57" count="1" type="stmt"/>
        <line num="64" count="1" type="stmt"/>
        <line num="65" count="1" type="stmt"/>
        <line num="68" count="84" type="stmt"/>
        <line num="95" count="252" type="stmt"/>
      </file>
      <file name="TaskList.jsx" path="C:\Users\Usuario\Documents\taskflow-ia\src\components\TaskList.jsx">
        <metrics statements="5" coveredstatements="5" conditionals="2" coveredconditionals="2" methods="2" coveredmethods="2"/>
        <line num="3" count="1" type="stmt"/>
        <line num="9" count="17" type="cond" truecount="2" falsecount="0"/>
        <line num="10" count="2" type="stmt"/>
        <line num="18" count="15" type="stmt"/>
        <line num="21" count="15" type="stmt"/>
      </file>
    </package>
    <package name="data">
      <metrics statements="2" coveredstatements="2" conditionals="0" coveredconditionals="0" methods="0" coveredmethods="0"/>
      <file name="taskOptions.js" path="C:\Users\Usuario\Documents\taskflow-ia\src\data\taskOptions.js">
        <metrics statements="2" coveredstatements="2" conditionals="0" coveredconditionals="0" methods="0" coveredmethods="0"/>
        <line num="1" count="1" type="stmt"/>
        <line num="7" count="1" type="stmt"/>
      </file>
    </package>
    <package name="pages">
      <metrics statements="33" coveredstatements="32" conditionals="15" coveredconditionals="9" methods="13" coveredmethods="12"/>
      <file name="Home.jsx" path="C:\Users\Usuario\Documents\taskflow-ia\src\pages\Home.jsx">
        <metrics statements="33" coveredstatements="32" conditionals="15" coveredconditionals="9" methods="13" coveredmethods="12"/>
        <line num="12" count="1" type="stmt"/>
        <line num="13" count="17" type="stmt"/>
        <line num="14" count="17" type="stmt"/>
        <line num="15" count="17" type="stmt"/>
        <line num="16" count="17" type="stmt"/>
        <line num="18" count="17" type="stmt"/>
        <line num="19" count="5" type="stmt"/>
        <line num="21" count="17" type="stmt"/>
        <line num="23" count="17" type="stmt"/>
        <line num="24" count="1" type="stmt"/>
        <line num="26" count="17" type="stmt"/>
        <line num="27" count="1" type="stmt"/>
        <line num="28" count="1" type="cond" truecount="1" falsecount="1"/>
        <line num="36" count="1" type="stmt"/>
        <line num="39" count="17" type="stmt"/>
        <line num="40" count="1" type="stmt"/>
        <line num="42" count="1" type="cond" truecount="1" falsecount="1"/>
        <line num="44" count="1" type="stmt"/>
        <line num="45" count="1" type="stmt"/>
        <line num="48" count="17" type="stmt"/>
        <line num="49" count="1" type="stmt"/>
        <line num="51" count="17" type="stmt"/>
        <line num="52" count="1" type="stmt"/>
        <line num="53" count="1" type="cond" truecount="1" falsecount="1"/>
        <line num="56" count="1" type="stmt"/>
        <line num="57" count="1" type="stmt"/>
        <line num="60" count="17" type="stmt"/>
        <line num="61" count="15" type="stmt"/>
        <line num="66" count="15" type="cond" truecount="1" falsecount="1"/>
        <line num="69" count="15" type="cond" truecount="1" falsecount="1"/>
        <line num="71" count="15" type="cond" truecount="3" falsecount="0"/>
        <line num="74" count="17" type="stmt"/>
        <line num="94" count="0" type="stmt"/>
      </file>
    </package>
    <package name="services">
      <metrics statements="6" coveredstatements="6" conditionals="2" coveredconditionals="2" methods="2" coveredmethods="2"/>
      <file name="localStorageService.js" path="C:\Users\Usuario\Documents\taskflow-ia\src\services\localStorageService.js">
        <metrics statements="6" coveredstatements="6" conditionals="2" coveredconditionals="2" methods="2" coveredmethods="2"/>
        <line num="1" count="2" type="stmt"/>
        <line num="3" count="2" type="stmt"/>
        <line num="4" count="3" type="stmt"/>
        <line num="5" count="3" type="cond" truecount="2" falsecount="0"/>
        <line num="8" count="2" type="stmt"/>
        <line num="9" count="6" type="stmt"/>
      </file>
    </package>
  </project>
</coverage>
