{"C:\\Users\\Usuario\\Documents\\taskflow-ia\\src\\components\\FilterBar.jsx": {"path":"C:\\Users\\Usuario\\Documents\\taskflow-ia\\src\\components\\FilterBar.jsx","statementMap":{"0":{"start":{"line":4,"column":6},"end":{"line":48,"column":null}},"1":{"start":{"line":12,"column":2},"end":{"line":46,"column":null}},"2":{"start":{"line":21,"column":31},"end":{"line":21,"column":null}},"3":{"start":{"line":27,"column":29},"end":{"line":27,"column":null}},"4":{"start":{"line":36,"column":29},"end":{"line":36,"column":null}},"5":{"start":{"line":41,"column":10},"end":{"line":43,"column":null}}},"fnMap":{"0":{"name":"(anonymous_0)","decl":{"start":{"line":4,"column":6},"end":{"line":4,"column":19}},"loc":{"start":{"line":11,"column":6},"end":{"line":48,"column":null}},"line":11},"1":{"name":"(anonymous_1)","decl":{"start":{"line":21,"column":10},"end":{"line":21,"column":21}},"loc":{"start":{"line":21,"column":31},"end":{"line":21,"column":null}},"line":21},"2":{"name":"(anonymous_2)","decl":{"start":{"line":27,"column":8},"end":{"line":27,"column":19}},"loc":{"start":{"line":27,"column":29},"end":{"line":27,"column":null}},"line":27},"3":{"name":"(anonymous_3)","decl":{"start":{"line":36,"column":8},"end":{"line":36,"column":19}},"loc":{"start":{"line":36,"column":29},"end":{"line":36,"column":null}},"line":36},"4":{"name":"(anonymous_4)","decl":{"start":{"line":40,"column":20},"end":{"line":40,"column":25}},"loc":{"start":{"line":41,"column":10},"end":{"line":43,"column":null}},"line":41}},"branchMap":{},"s":{"0":1,"1":17,"2":11,"3":0,"4":0,"5":51},"f":{"0":17,"1":11,"2":0,"3":0,"4":51},"b":{},"meta":{"lastBranch":0,"lastFunction":5,"lastStatement":6,"seen":{"s:4:6:48:Infinity":0,"f:4:6:4:19":0,"s:12:2:46:Infinity":1,"f:21:10:21:21":1,"s:21:31:21:Infinity":2,"f:27:8:27:19":2,"s:27:29:27:Infinity":3,"f:36:8:36:19":3,"s:36:29:36:Infinity":4,"f:40:20:40:25":4,"s:41:10:43:Infinity":5},"fnNames":{}}}
,"C:\\Users\\Usuario\\Documents\\taskflow-ia\\src\\components\\Footer.jsx": {"path":"C:\\Users\\Usuario\\Documents\\taskflow-ia\\src\\components\\Footer.jsx","statementMap":{"0":{"start":{"line":2,"column":6},"end":{"line":29,"column":null}},"1":{"start":{"line":3,"column":2},"end":{"line":27,"column":null}}},"fnMap":{"0":{"name":"(anonymous_0)","decl":{"start":{"line":2,"column":6},"end":{"line":2,"column":21}},"loc":{"start":{"line":2,"column":21},"end":{"line":29,"column":null}},"line":2}},"branchMap":{},"s":{"0":1,"1":17},"f":{"0":17},"b":{},"meta":{"lastBranch":0,"lastFunction":1,"lastStatement":2,"seen":{"s:2:6:29:Infinity":0,"f:2:6:2:21":0,"s:3:2:27:Infinity":1},"fnNames":{}}}
,"C:\\Users\\Usuario\\Documents\\taskflow-ia\\src\\components\\Statistics.jsx": {"path":"C:\\Users\\Usuario\\Documents\\taskflow-ia\\src\\components\\Statistics.jsx","statementMap":{"0":{"start":{"line":3,"column":6},"end":{"line":55,"column":null}},"1":{"start":{"line":4,"column":21},"end":{"line":4,"column":null}},"2":{"start":{"line":6,"column":23},"end":{"line":8,"column":null}},"3":{"start":{"line":7,"column":14},"end":{"line":7,"column":null}},"4":{"start":{"line":10,"column":25},"end":{"line":12,"column":null}},"5":{"start":{"line":11,"column":14},"end":{"line":11,"column":null}},"6":{"start":{"line":14,"column":28},"end":{"line":16,"column":null}},"7":{"start":{"line":15,"column":14},"end":{"line":15,"column":null}},"8":{"start":{"line":18,"column":16},"end":{"line":39,"column":null}},"9":{"start":{"line":41,"column":2},"end":{"line":53,"column":null}},"10":{"start":{"line":44,"column":8},"end":{"line":51,"column":null}}},"fnMap":{"0":{"name":"(anonymous_0)","decl":{"start":{"line":3,"column":6},"end":{"line":3,"column":20}},"loc":{"start":{"line":3,"column":34},"end":{"line":55,"column":null}},"line":3},"1":{"name":"(anonymous_1)","decl":{"start":{"line":6,"column":29},"end":{"line":6,"column":null}},"loc":{"start":{"line":7,"column":14},"end":{"line":7,"column":null}},"line":7},"2":{"name":"(anonymous_2)","decl":{"start":{"line":10,"column":31},"end":{"line":10,"column":null}},"loc":{"start":{"line":11,"column":14},"end":{"line":11,"column":null}},"line":11},"3":{"name":"(anonymous_3)","decl":{"start":{"line":14,"column":34},"end":{"line":14,"column":null}},"loc":{"start":{"line":15,"column":14},"end":{"line":15,"column":null}},"line":15},"4":{"name":"(anonymous_4)","decl":{"start":{"line":43,"column":13},"end":{"line":43,"column":18}},"loc":{"start":{"line":44,"column":8},"end":{"line":51,"column":null}},"line":44}},"branchMap":{},"s":{"0":1,"1":17,"2":17,"3":15,"4":17,"5":15,"6":17,"7":15,"8":17,"9":17,"10":68},"f":{"0":17,"1":15,"2":15,"3":15,"4":68},"b":{},"meta":{"lastBranch":0,"lastFunction":5,"lastStatement":11,"seen":{"s:3:6:55:Infinity":0,"f:3:6:3:20":0,"s:4:21:4:Infinity":1,"s:6:23:8:Infinity":2,"f:6:29:6:Infinity":1,"s:7:14:7:Infinity":3,"s:10:25:12:Infinity":4,"f:10:31:10:Infinity":2,"s:11:14:11:Infinity":5,"s:14:28:16:Infinity":6,"f:14:34:14:Infinity":3,"s:15:14:15:Infinity":7,"s:18:16:39:Infinity":8,"s:41:2:53:Infinity":9,"f:43:13:43:18":4,"s:44:8:51:Infinity":10},"fnNames":{}}}
,"C:\\Users\\Usuario\\Documents\\taskflow-ia\\src\\components\\TaskCard.jsx": {"path":"C:\\Users\\Usuario\\Documents\\taskflow-ia\\src\\components\\TaskCard.jsx","statementMap":{"0":{"start":{"line":3,"column":6},"end":{"line":58,"column":null}},"1":{"start":{"line":9,"column":2},"end":{"line":56,"column":null}},"2":{"start":{"line":40,"column":45},"end":{"line":40,"column":null}},"3":{"start":{"line":48,"column":45},"end":{"line":48,"column":null}},"4":{"start":{"line":52,"column":45},"end":{"line":52,"column":null}}},"fnMap":{"0":{"name":"(anonymous_0)","decl":{"start":{"line":3,"column":6},"end":{"line":3,"column":18}},"loc":{"start":{"line":8,"column":6},"end":{"line":58,"column":null}},"line":8},"1":{"name":"(anonymous_1)","decl":{"start":{"line":40,"column":30},"end":{"line":40,"column":45}},"loc":{"start":{"line":40,"column":45},"end":{"line":40,"column":null}},"line":40},"2":{"name":"(anonymous_2)","decl":{"start":{"line":48,"column":30},"end":{"line":48,"column":45}},"loc":{"start":{"line":48,"column":45},"end":{"line":48,"column":null}},"line":48},"3":{"name":"(anonymous_3)","decl":{"start":{"line":52,"column":30},"end":{"line":52,"column":45}},"loc":{"start":{"line":52,"column":45},"end":{"line":52,"column":null}},"line":52}},"branchMap":{"0":{"loc":{"start":{"line":10,"column":37},"end":{"line":10,"column":null}},"type":"cond-expr","locations":[{"start":{"line":10,"column":68},"end":{"line":10,"column":93}},{"start":{"line":10,"column":93},"end":{"line":10,"column":null}}],"line":10},"1":{"loc":{"start":{"line":25,"column":13},"end":{"line":25,"column":null}},"type":"binary-expr","locations":[{"start":{"line":25,"column":13},"end":{"line":25,"column":29}},{"start":{"line":25,"column":29},"end":{"line":25,"column":null}}],"line":25},"2":{"loc":{"start":{"line":29,"column":13},"end":{"line":34,"column":18}},"type":"cond-expr","locations":[{"start":{"line":30,"column":14},"end":{"line":32,"column":15}},{"start":{"line":32,"column":14},"end":{"line":34,"column":18}}],"line":29},"3":{"loc":{"start":{"line":41,"column":11},"end":{"line":44,"column":null}},"type":"cond-expr","locations":[{"start":{"line":42,"column":12},"end":{"line":44,"column":13}},{"start":{"line":44,"column":12},"end":{"line":44,"column":null}}],"line":41}},"s":{"0":1,"1":15,"2":1,"3":1,"4":1},"f":{"0":15,"1":1,"2":1,"3":1},"b":{"0":[14,1],"1":[15,0],"2":[14,1],"3":[14,1]},"meta":{"lastBranch":4,"lastFunction":4,"lastStatement":5,"seen":{"s:3:6:58:Infinity":0,"f:3:6:3:18":0,"s:9:2:56:Infinity":1,"b:10:68:10:93:10:93:10:Infinity":0,"b:25:13:25:29:25:29:25:Infinity":1,"b:30:14:32:15:32:14:34:18":2,"f:40:30:40:45":1,"s:40:45:40:Infinity":2,"b:42:12:44:13:44:12:44:Infinity":3,"f:48:30:48:45":2,"s:48:45:48:Infinity":3,"f:52:30:52:45":3,"s:52:45:52:Infinity":4},"fnNames":{}}}
,"C:\\Users\\Usuario\\Documents\\taskflow-ia\\src\\components\\TaskForm.jsx": {"path":"C:\\Users\\Usuario\\Documents\\taskflow-ia\\src\\components\\TaskForm.jsx","statementMap":{"0":{"start":{"line":5,"column":20},"end":{"line":10,"column":null}},"1":{"start":{"line":12,"column":6},"end":{"line":129,"column":null}},"2":{"start":{"line":18,"column":19},"end":{"line":18,"column":null}},"3":{"start":{"line":20,"column":2},"end":{"line":31,"column":null}},"4":{"start":{"line":21,"column":4},"end":{"line":30,"column":null}},"5":{"start":{"line":22,"column":6},"end":{"line":27,"column":null}},"6":{"start":{"line":29,"column":6},"end":{"line":29,"column":null}},"7":{"start":{"line":33,"column":8},"end":{"line":40,"column":null}},"8":{"start":{"line":34,"column":28},"end":{"line":34,"column":null}},"9":{"start":{"line":36,"column":4},"end":{"line":39,"column":null}},"10":{"start":{"line":42,"column":8},"end":{"line":66,"column":null}},"11":{"start":{"line":43,"column":4},"end":{"line":43,"column":null}},"12":{"start":{"line":45,"column":4},"end":{"line":45,"column":null}},"13":{"start":{"line":45,"column":32},"end":{"line":45,"column":null}},"14":{"start":{"line":47,"column":4},"end":{"line":55,"column":null}},"15":{"start":{"line":48,"column":26},"end":{"line":51,"column":null}},"16":{"start":{"line":53,"column":6},"end":{"line":53,"column":null}},"17":{"start":{"line":54,"column":6},"end":{"line":54,"column":null}},"18":{"start":{"line":57,"column":20},"end":{"line":62,"column":null}},"19":{"start":{"line":64,"column":4},"end":{"line":64,"column":null}},"20":{"start":{"line":65,"column":4},"end":{"line":65,"column":null}},"21":{"start":{"line":68,"column":2},"end":{"line":127,"column":null}},"22":{"start":{"line":95,"column":14},"end":{"line":97,"column":null}}},"fnMap":{"0":{"name":"(anonymous_0)","decl":{"start":{"line":12,"column":6},"end":{"line":12,"column":18}},"loc":{"start":{"line":17,"column":6},"end":{"line":129,"column":null}},"line":17},"1":{"name":"(anonymous_1)","decl":{"start":{"line":20,"column":2},"end":{"line":20,"column":18}},"loc":{"start":{"line":20,"column":18},"end":{"line":31,"column":5}},"line":20},"2":{"name":"(anonymous_2)","decl":{"start":{"line":33,"column":8},"end":{"line":33,"column":24}},"loc":{"start":{"line":33,"column":34},"end":{"line":40,"column":null}},"line":33},"3":{"name":"(anonymous_3)","decl":{"start":{"line":42,"column":8},"end":{"line":42,"column":24}},"loc":{"start":{"line":42,"column":34},"end":{"line":66,"column":null}},"line":42},"4":{"name":"(anonymous_4)","decl":{"start":{"line":94,"column":24},"end":{"line":94,"column":29}},"loc":{"start":{"line":95,"column":14},"end":{"line":97,"column":null}},"line":95}},"branchMap":{"0":{"loc":{"start":{"line":21,"column":4},"end":{"line":30,"column":null}},"type":"if","locations":[{"start":{"line":21,"column":4},"end":{"line":30,"column":null}},{"start":{"line":28,"column":11},"end":{"line":30,"column":null}}],"line":21},"1":{"loc":{"start":{"line":45,"column":4},"end":{"line":45,"column":null}},"type":"if","locations":[{"start":{"line":45,"column":4},"end":{"line":45,"column":null}},{"start":{},"end":{}}],"line":45},"2":{"loc":{"start":{"line":47,"column":4},"end":{"line":55,"column":null}},"type":"if","locations":[{"start":{"line":47,"column":4},"end":{"line":55,"column":null}},{"start":{},"end":{}}],"line":47},"3":{"loc":{"start":{"line":70,"column":11},"end":{"line":70,"column":60}},"type":"cond-expr","locations":[{"start":{"line":70,"column":25},"end":{"line":70,"column":42}},{"start":{"line":70,"column":42},"end":{"line":70,"column":60}}],"line":70},"4":{"loc":{"start":{"line":111,"column":13},"end":{"line":112,"column":27}},"type":"cond-expr","locations":[{"start":{"line":111,"column":27},"end":{"line":111,"column":49}},{"start":{"line":111,"column":48},"end":{"line":112,"column":27}}],"line":111},"5":{"loc":{"start":{"line":112,"column":13},"end":{"line":112,"column":null}},"type":"cond-expr","locations":[{"start":{"line":112,"column":27},"end":{"line":112,"column":47}},{"start":{"line":112,"column":47},"end":{"line":112,"column":null}}],"line":112},"6":{"loc":{"start":{"line":115,"column":11},"end":{"line":125,"column":null}},"type":"binary-expr","locations":[{"start":{"line":115,"column":11},"end":{"line":115,"column":null}},{"start":{"line":116,"column":12},"end":{"line":125,"column":null}}],"line":115}},"s":{"0":1,"1":1,"2":84,"3":84,"4":3,"5":1,"6":2,"7":84,"8":64,"9":64,"10":84,"11":2,"12":2,"13":0,"14":2,"15":1,"16":1,"17":1,"18":1,"19":1,"20":1,"21":84,"22":252},"f":{"0":84,"1":3,"2":64,"3":2,"4":252},"b":{"0":[1,2],"1":[0,2],"2":[1,1],"3":[26,58],"4":[26,58],"5":[26,58],"6":[84,26]},"meta":{"lastBranch":7,"lastFunction":5,"lastStatement":23,"seen":{"s:5:20:10:Infinity":0,"s:12:6:129:Infinity":1,"f:12:6:12:18":0,"s:18:19:18:Infinity":2,"s:20:2:31:Infinity":3,"f:20:2:20:18":1,"b:21:4:30:Infinity:28:11:30:Infinity":0,"s:21:4:30:Infinity":4,"s:22:6:27:Infinity":5,"s:29:6:29:Infinity":6,"s:33:8:40:Infinity":7,"f:33:8:33:24":2,"s:34:28:34:Infinity":8,"s:36:4:39:Infinity":9,"s:42:8:66:Infinity":10,"f:42:8:42:24":3,"s:43:4:43:Infinity":11,"b:45:4:45:Infinity:undefined:undefined:undefined:undefined":1,"s:45:4:45:Infinity":12,"s:45:32:45:Infinity":13,"b:47:4:55:Infinity:undefined:undefined:undefined:undefined":2,"s:47:4:55:Infinity":14,"s:48:26:51:Infinity":15,"s:53:6:53:Infinity":16,"s:54:6:54:Infinity":17,"s:57:20:62:Infinity":18,"s:64:4:64:Infinity":19,"s:65:4:65:Infinity":20,"s:68:2:127:Infinity":21,"b:70:25:70:42:70:42:70:60":3,"f:94:24:94:29":4,"s:95:14:97:Infinity":22,"b:111:27:111:49:111:48:112:27":4,"b:112:27:112:47:112:47:112:Infinity":5,"b:115:11:115:Infinity:116:12:125:Infinity":6},"fnNames":{}}}
,"C:\\Users\\Usuario\\Documents\\taskflow-ia\\src\\components\\TaskList.jsx": {"path":"C:\\Users\\Usuario\\Documents\\taskflow-ia\\src\\components\\TaskList.jsx","statementMap":{"0":{"start":{"line":3,"column":6},"end":{"line":31,"column":null}},"1":{"start":{"line":9,"column":2},"end":{"line":16,"column":null}},"2":{"start":{"line":10,"column":4},"end":{"line":14,"column":null}},"3":{"start":{"line":18,"column":2},"end":{"line":29,"column":null}},"4":{"start":{"line":21,"column":8},"end":{"line":27,"column":null}}},"fnMap":{"0":{"name":"(anonymous_0)","decl":{"start":{"line":3,"column":6},"end":{"line":3,"column":18}},"loc":{"start":{"line":8,"column":6},"end":{"line":31,"column":null}},"line":8},"1":{"name":"(anonymous_1)","decl":{"start":{"line":20,"column":13},"end":{"line":20,"column":18}},"loc":{"start":{"line":21,"column":8},"end":{"line":27,"column":null}},"line":21}},"branchMap":{"0":{"loc":{"start":{"line":9,"column":2},"end":{"line":16,"column":null}},"type":"if","locations":[{"start":{"line":9,"column":2},"end":{"line":16,"column":null}},{"start":{},"end":{}}],"line":9}},"s":{"0":1,"1":17,"2":2,"3":15,"4":15},"f":{"0":17,"1":15},"b":{"0":[2,15]},"meta":{"lastBranch":1,"lastFunction":2,"lastStatement":5,"seen":{"s:3:6:31:Infinity":0,"f:3:6:3:18":0,"b:9:2:16:Infinity:undefined:undefined:undefined:undefined":0,"s:9:2:16:Infinity":1,"s:10:4:14:Infinity":2,"s:18:2:29:Infinity":3,"f:20:13:20:18":1,"s:21:8:27:Infinity":4},"fnNames":{}}}
,"C:\\Users\\Usuario\\Documents\\taskflow-ia\\src\\data\\taskOptions.js": {"path":"C:\\Users\\Usuario\\Documents\\taskflow-ia\\src\\data\\taskOptions.js","statementMap":{"0":{"start":{"line":1,"column":26},"end":{"line":5,"column":null}},"1":{"start":{"line":7,"column":22},"end":{"line":10,"column":null}}},"fnMap":{},"branchMap":{},"s":{"0":1,"1":1},"f":{},"b":{},"meta":{"lastBranch":0,"lastFunction":0,"lastStatement":2,"seen":{"s:1:26:5:Infinity":0,"s:7:22:10:Infinity":1},"fnNames":{}}}
,"C:\\Users\\Usuario\\Documents\\taskflow-ia\\src\\pages\\Home.jsx": {"path":"C:\\Users\\Usuario\\Documents\\taskflow-ia\\src\\pages\\Home.jsx","statementMap":{"0":{"start":{"line":12,"column":6},"end":{"line":117,"column":null}},"1":{"start":{"line":13,"column":16},"end":{"line":13,"column":null}},"2":{"start":{"line":13,"column":28},"end":{"line":13,"column":64}},"3":{"start":{"line":14,"column":21},"end":{"line":14,"column":null}},"4":{"start":{"line":15,"column":23},"end":{"line":15,"column":null}},"5":{"start":{"line":16,"column":25},"end":{"line":16,"column":null}},"6":{"start":{"line":18,"column":2},"end":{"line":20,"column":null}},"7":{"start":{"line":19,"column":4},"end":{"line":19,"column":null}},"8":{"start":{"line":21,"column":22},"end":{"line":21,"column":null}},"9":{"start":{"line":23,"column":8},"end":{"line":25,"column":null}},"10":{"start":{"line":24,"column":4},"end":{"line":24,"column":null}},"11":{"start":{"line":26,"column":8},"end":{"line":37,"column":null}},"12":{"start":{"line":27,"column":25},"end":{"line":34,"column":null}},"13":{"start":{"line":28,"column":6},"end":{"line":33,"column":null}},"14":{"start":{"line":36,"column":4},"end":{"line":36,"column":null}},"15":{"start":{"line":39,"column":8},"end":{"line":46,"column":null}},"16":{"start":{"line":40,"column":26},"end":{"line":40,"column":null}},"17":{"start":{"line":42,"column":4},"end":{"line":42,"column":null}},"18":{"start":{"line":42,"column":24},"end":{"line":42,"column":null}},"19":{"start":{"line":44,"column":25},"end":{"line":44,"column":null}},"20":{"start":{"line":44,"column":48},"end":{"line":44,"column":66}},"21":{"start":{"line":45,"column":4},"end":{"line":45,"column":null}},"22":{"start":{"line":48,"column":8},"end":{"line":50,"column":null}},"23":{"start":{"line":49,"column":4},"end":{"line":49,"column":null}},"24":{"start":{"line":51,"column":8},"end":{"line":58,"column":null}},"25":{"start":{"line":52,"column":25},"end":{"line":54,"column":null}},"26":{"start":{"line":53,"column":6},"end":{"line":53,"column":null}},"27":{"start":{"line":56,"column":4},"end":{"line":56,"column":null}},"28":{"start":{"line":57,"column":4},"end":{"line":57,"column":null}},"29":{"start":{"line":60,"column":24},"end":{"line":72,"column":null}},"30":{"start":{"line":61,"column":26},"end":{"line":63,"column":null}},"31":{"start":{"line":66,"column":6},"end":{"line":66,"column":null}},"32":{"start":{"line":69,"column":6},"end":{"line":69,"column":null}},"33":{"start":{"line":71,"column":4},"end":{"line":71,"column":null}},"34":{"start":{"line":74,"column":2},"end":{"line":115,"column":null}},"35":{"start":{"line":94,"column":30},"end":{"line":94,"column":null}}},"fnMap":{"0":{"name":"(anonymous_0)","decl":{"start":{"line":12,"column":6},"end":{"line":12,"column":19}},"loc":{"start":{"line":12,"column":19},"end":{"line":117,"column":null}},"line":12},"1":{"name":"(anonymous_1)","decl":{"start":{"line":13,"column":28},"end":{"line":13,"column":43}},"loc":{"start":{"line":13,"column":28},"end":{"line":13,"column":64}},"line":13},"2":{"name":"(anonymous_2)","decl":{"start":{"line":18,"column":2},"end":{"line":18,"column":18}},"loc":{"start":{"line":18,"column":18},"end":{"line":20,"column":5}},"line":18},"3":{"name":"(anonymous_3)","decl":{"start":{"line":23,"column":8},"end":{"line":23,"column":25}},"loc":{"start":{"line":23,"column":37},"end":{"line":25,"column":null}},"line":23},"4":{"name":"(anonymous_4)","decl":{"start":{"line":26,"column":8},"end":{"line":26,"column":30}},"loc":{"start":{"line":26,"column":41},"end":{"line":37,"column":null}},"line":26},"5":{"name":"(anonymous_5)","decl":{"start":{"line":27,"column":31},"end":{"line":27,"column":36}},"loc":{"start":{"line":28,"column":6},"end":{"line":33,"column":null}},"line":28},"6":{"name":"(anonymous_6)","decl":{"start":{"line":39,"column":8},"end":{"line":39,"column":28}},"loc":{"start":{"line":39,"column":39},"end":{"line":46,"column":null}},"line":39},"7":{"name":"(anonymous_7)","decl":{"start":{"line":44,"column":31},"end":{"line":44,"column":39}},"loc":{"start":{"line":44,"column":48},"end":{"line":44,"column":66}},"line":44},"8":{"name":"(anonymous_8)","decl":{"start":{"line":48,"column":8},"end":{"line":48,"column":26}},"loc":{"start":{"line":48,"column":41},"end":{"line":50,"column":null}},"line":48},"9":{"name":"(anonymous_9)","decl":{"start":{"line":51,"column":8},"end":{"line":51,"column":28}},"loc":{"start":{"line":51,"column":44},"end":{"line":58,"column":null}},"line":51},"10":{"name":"(anonymous_10)","decl":{"start":{"line":52,"column":31},"end":{"line":52,"column":36}},"loc":{"start":{"line":53,"column":6},"end":{"line":53,"column":null}},"line":53},"11":{"name":"(anonymous_11)","decl":{"start":{"line":60,"column":30},"end":{"line":60,"column":38}},"loc":{"start":{"line":60,"column":47},"end":{"line":72,"column":3}},"line":60},"12":{"name":"(anonymous_12)","decl":{"start":{"line":94,"column":10},"end":{"line":94,"column":30}},"loc":{"start":{"line":94,"column":30},"end":{"line":94,"column":null}},"line":94}},"branchMap":{"0":{"loc":{"start":{"line":28,"column":6},"end":{"line":33,"column":null}},"type":"cond-expr","locations":[{"start":{"line":29,"column":10},"end":{"line":32,"column":null}},{"start":{"line":33,"column":10},"end":{"line":33,"column":null}}],"line":28},"1":{"loc":{"start":{"line":31,"column":20},"end":{"line":31,"column":null}},"type":"cond-expr","locations":[{"start":{"line":31,"column":51},"end":{"line":31,"column":65}},{"start":{"line":31,"column":65},"end":{"line":31,"column":null}}],"line":31},"2":{"loc":{"start":{"line":42,"column":4},"end":{"line":42,"column":null}},"type":"if","locations":[{"start":{"line":42,"column":4},"end":{"line":42,"column":null}},{"start":{},"end":{}}],"line":42},"3":{"loc":{"start":{"line":53,"column":6},"end":{"line":53,"column":null}},"type":"cond-expr","locations":[{"start":{"line":53,"column":35},"end":{"line":53,"column":49}},{"start":{"line":53,"column":49},"end":{"line":53,"column":null}}],"line":53},"4":{"loc":{"start":{"line":66,"column":6},"end":{"line":66,"column":null}},"type":"binary-expr","locations":[{"start":{"line":66,"column":6},"end":{"line":66,"column":34}},{"start":{"line":66,"column":34},"end":{"line":66,"column":null}}],"line":66},"5":{"loc":{"start":{"line":69,"column":6},"end":{"line":69,"column":null}},"type":"binary-expr","locations":[{"start":{"line":69,"column":6},"end":{"line":69,"column":36}},{"start":{"line":69,"column":36},"end":{"line":69,"column":null}}],"line":69},"6":{"loc":{"start":{"line":71,"column":11},"end":{"line":71,"column":null}},"type":"binary-expr","locations":[{"start":{"line":71,"column":11},"end":{"line":71,"column":28}},{"start":{"line":71,"column":28},"end":{"line":71,"column":45}},{"start":{"line":71,"column":45},"end":{"line":71,"column":null}}],"line":71}},"s":{"0":1,"1":17,"2":1,"3":17,"4":17,"5":17,"6":17,"7":5,"8":17,"9":17,"10":1,"11":17,"12":1,"13":1,"14":1,"15":17,"16":1,"17":1,"18":0,"19":1,"20":1,"21":1,"22":17,"23":1,"24":17,"25":1,"26":1,"27":1,"28":1,"29":17,"30":15,"31":15,"32":15,"33":15,"34":17,"35":0},"f":{"0":17,"1":1,"2":5,"3":1,"4":1,"5":1,"6":1,"7":1,"8":1,"9":1,"10":1,"11":15,"12":0},"b":{"0":[1,0],"1":[0,1],"2":[0,1],"3":[1,0],"4":[15,0],"5":[15,0],"6":[15,15,15]},"meta":{"lastBranch":7,"lastFunction":13,"lastStatement":36,"seen":{"s:12:6:117:Infinity":0,"f:12:6:12:19":0,"s:13:16:13:Infinity":1,"f:13:28:13:43":1,"s:13:28:13:64":2,"s:14:21:14:Infinity":3,"s:15:23:15:Infinity":4,"s:16:25:16:Infinity":5,"s:18:2:20:Infinity":6,"f:18:2:18:18":2,"s:19:4:19:Infinity":7,"s:21:22:21:Infinity":8,"s:23:8:25:Infinity":9,"f:23:8:23:25":3,"s:24:4:24:Infinity":10,"s:26:8:37:Infinity":11,"f:26:8:26:30":4,"s:27:25:34:Infinity":12,"f:27:31:27:36":5,"s:28:6:33:Infinity":13,"b:29:10:32:Infinity:33:10:33:Infinity":0,"b:31:51:31:65:31:65:31:Infinity":1,"s:36:4:36:Infinity":14,"s:39:8:46:Infinity":15,"f:39:8:39:28":6,"s:40:26:40:Infinity":16,"b:42:4:42:Infinity:undefined:undefined:undefined:undefined":2,"s:42:4:42:Infinity":17,"s:42:24:42:Infinity":18,"s:44:25:44:Infinity":19,"f:44:31:44:39":7,"s:44:48:44:66":20,"s:45:4:45:Infinity":21,"s:48:8:50:Infinity":22,"f:48:8:48:26":8,"s:49:4:49:Infinity":23,"s:51:8:58:Infinity":24,"f:51:8:51:28":9,"s:52:25:54:Infinity":25,"f:52:31:52:36":10,"s:53:6:53:Infinity":26,"b:53:35:53:49:53:49:53:Infinity":3,"s:56:4:56:Infinity":27,"s:57:4:57:Infinity":28,"s:60:24:72:Infinity":29,"f:60:30:60:38":11,"s:61:26:63:Infinity":30,"s:66:6:66:Infinity":31,"b:66:6:66:34:66:34:66:Infinity":4,"s:69:6:69:Infinity":32,"b:69:6:69:36:69:36:69:Infinity":5,"s:71:4:71:Infinity":33,"b:71:11:71:28:71:28:71:45:71:45:71:Infinity":6,"s:74:2:115:Infinity":34,"f:94:10:94:30":12,"s:94:30:94:Infinity":35},"fnNames":{}}}
,"C:\\Users\\Usuario\\Documents\\taskflow-ia\\src\\services\\localStorageService.js": {"path":"C:\\Users\\Usuario\\Documents\\taskflow-ia\\src\\services\\localStorageService.js","statementMap":{"0":{"start":{"line":1,"column":20},"end":{"line":1,"column":null}},"1":{"start":{"line":3,"column":13},"end":{"line":6,"column":null}},"2":{"start":{"line":4,"column":22},"end":{"line":4,"column":null}},"3":{"start":{"line":5,"column":2},"end":{"line":5,"column":null}},"4":{"start":{"line":8,"column":13},"end":{"line":10,"column":null}},"5":{"start":{"line":9,"column":2},"end":{"line":9,"column":null}}},"fnMap":{"0":{"name":"(anonymous_0)","decl":{"start":{"line":3,"column":13},"end":{"line":3,"column":41}},"loc":{"start":{"line":3,"column":41},"end":{"line":6,"column":null}},"line":3},"1":{"name":"(anonymous_1)","decl":{"start":{"line":8,"column":13},"end":{"line":8,"column":35}},"loc":{"start":{"line":8,"column":45},"end":{"line":10,"column":null}},"line":8}},"branchMap":{"0":{"loc":{"start":{"line":5,"column":9},"end":{"line":5,"column":null}},"type":"cond-expr","locations":[{"start":{"line":5,"column":23},"end":{"line":5,"column":49}},{"start":{"line":5,"column":49},"end":{"line":5,"column":null}}],"line":5}},"s":{"0":2,"1":2,"2":3,"3":3,"4":2,"5":6},"f":{"0":3,"1":6},"b":{"0":[1,2]},"meta":{"lastBranch":1,"lastFunction":2,"lastStatement":6,"seen":{"s:1:20:1:Infinity":0,"s:3:13:6:Infinity":1,"f:3:13:3:41":0,"s:4:22:4:Infinity":2,"s:5:2:5:Infinity":3,"b:5:23:5:49:5:49:5:Infinity":0,"s:8:13:10:Infinity":4,"f:8:13:8:35":1,"s:9:2:9:Infinity":5},"fnNames":{}}}
}
